c:\repos\cs3113\project_template\windows\nyucodebase\nyucodebase\debug\vc141.pdb
c:\repos\cs3113\project_template\windows\nyucodebase\nyucodebase\debug\vc141.idb
c:\repos\cs3113\project_template\windows\nyucodebase\nyucodebase\debug\main.obj
c:\repos\cs3113\project_template\windows\nyucodebase\nyucodebase\debug\matrix.obj
c:\repos\cs3113\project_template\windows\nyucodebase\nyucodebase\debug\shaderprogram.obj
c:\repos\gameenghw\assignment1\nyucodebase\nyucodebase\debug\vc141.pdb
c:\repos\gameenghw\assignment1\nyucodebase\nyucodebase\debug\vc141.idb
c:\repos\gameenghw\assignment1\nyucodebase\nyucodebase\debug\main.obj
c:\repos\gameenghw\assignment1\nyucodebase\nyucodebase\debug\matrix.obj
c:\repos\gameenghw\assignment1\nyucodebase\nyucodebase\debug\shaderprogram.obj
c:\repos\cs3113\project_template\windows\nyucodebase\debug\nyucodebase.ilk
c:\repos\cs3113\project_template\windows\nyucodebase\debug\nyucodebase.exe
c:\repos\cs3113\project_template\windows\nyucodebase\debug\nyucodebase.pdb
c:\repos\gameenghw\assignment1\nyucodebase\debug\nyucodebase.exe
c:\repos\gameenghw\assignment1\nyucodebase\debug\nyucodebase.ilk
c:\repos\gameenghw\assignment1\nyucodebase\debug\nyucodebase.pdb
c:\repos\gameenghw\assignment1\nyucodebase\nyucodebase\debug\nyucodebase.tlog\cl.command.1.tlog
c:\repos\gameenghw\assignment1\nyucodebase\nyucodebase\debug\nyucodebase.tlog\cl.read.1.tlog
c:\repos\gameenghw\assignment1\nyucodebase\nyucodebase\debug\nyucodebase.tlog\cl.write.1.tlog
c:\repos\gameenghw\assignment1\nyucodebase\nyucodebase\debug\nyucodebase.tlog\link.command.1.tlog
c:\repos\gameenghw\assignment1\nyucodebase\nyucodebase\debug\nyucodebase.tlog\link.read.1.tlog
c:\repos\gameenghw\assignment1\nyucodebase\nyucodebase\debug\nyucodebase.tlog\link.write.1.tlog
